<?xml version="1.0" encoding="UTF-8"?>
<!-- Generated by org.testng.reporters.JUnitReportReporter -->
<testsuite hostname="DESKTOP-E61TQNU" failures="0" tests="2" name="Academy.HomePage" time="24.960" errors="0" timestamp="15 Dec 2019 19:26:31 GMT">
  <testcase classname="Academy.HomePage" name="basePageNavigation" time="6.492"/>
  <testcase classname="Academy.HomePage" name="basePageNavigation" time="18.468"/>
</testsuite> <!-- Academy.HomePage -->
