<?xml version="1.0" encoding="UTF-8"?>
<!-- Generated by org.testng.reporters.JUnitReportReporter -->
<testsuite hostname="DESKTOP-E61TQNU" failures="0" tests="1" name="Academy.validateNavigationBar" time="0.659" errors="0" timestamp="15 Dec 2019 19:26:31 GMT">
  <testcase classname="Academy.validateNavigationBar" name="validateAppNavigationBar" time="0.659"/>
</testsuite> <!-- Academy.validateNavigationBar -->
